# JRE version: OpenJDK Runtime Environment (21.0.6) (build 21.0.6+-13368085-b895.109)
# Java VM: OpenJDK 64-Bit Server VM (21.0.6+-13368085-b895.109, mixed mode, tiered, compressed oops, compressed class ptrs, g1 gc, windows-amd64)
GC Precious Log:
 CardTable entry size: 512
 Card Set container configuration: InlinePtr #cards 5 size 8 Array Of Cards #cards 12 size 40 Howl #buckets 4 coarsen threshold 1843 Howl Bitmap #cards 512 size 80 coarsen threshold 460 Card regions per heap region 1 cards per card region 2048
 CPUs: 12 total, 12 available
 Memory: 7531M
 Large Page Support: Disabled
 NUMA Support: Disabled
 Compressed Oops: Enabled (32-bit)
 Heap Region Size: 1M
 Heap Min Capacity: 8M
 Heap Initial Capacity: 118M
 Heap Max Capacity: 2G
 Pre-touch: Disabled
 Parallel Workers: 10
 Concurrent Workers: 3
 Concurrent Refinement Workers: 10
 Periodic GC: Disabled
Heap:
 garbage-first heap   total 167936K, used 100036K [0x0000000080000000, 0x0000000100000000)
  region size 1024K, 28 young (28672K), 1 survivors (1024K)
 Metaspace       used 68763K, committed 70400K, reserved 1114112K
  class space    used 9277K, committed 10112K, reserved 1048576K
GC Heap History (20 events):
Event: 394.060 GC heap before
{Heap before GC invocations=30 (full 0):
 garbage-first heap   total 167936K, used 65465K [0x0000000080000000, 0x0000000100000000)
  region size 1024K, 14 young (14336K), 1 survivors (1024K)
 Metaspace       used 55594K, committed 57152K, reserved 1114112K
  class space    used 7485K, committed 8256K, reserved 1048576K
}
Event: 394.158 GC heap after
{Heap after GC invocations=31 (full 0):
 garbage-first heap   total 167936K, used 53332K [0x0000000080000000, 0x0000000100000000)
  region size 1024K, 2 young (2048K), 2 survivors (2048K)
 Metaspace       used 55594K, committed 57152K, reserved 1114112K
  class space    used 7485K, committed 8256K, reserved 1048576K
}
Event: 486.332 GC heap before
{Heap before GC invocations=31 (full 0):
 garbage-first heap   total 167936K, used 70740K [0x0000000080000000, 0x0000000100000000)
  region size 1024K, 21 young (21504K), 2 survivors (2048K)
 Metaspace       used 56687K, committed 58240K, reserved 1114112K
  class space    used 7671K, committed 8448K, reserved 1048576K
}
Event: 487.086 GC heap after
{Heap after GC invocations=32 (full 0):
 garbage-first heap   total 167936K, used 53910K [0x0000000080000000, 0x0000000100000000)
  region size 1024K, 2 young (2048K), 2 survivors (2048K)
 Metaspace       used 56687K, committed 58240K, reserved 1114112K
  class space    used 7671K, committed 8448K, reserved 1048576K
}
Event: 511.342 GC heap before
{Heap before GC invocations=33 (full 0):
 garbage-first heap   total 167936K, used 62102K [0x0000000080000000, 0x0000000100000000)
  region size 1024K, 8 young (8192K), 2 survivors (2048K)
 Metaspace       used 56849K, committed 58368K, reserved 1114112K
  class space    used 7687K, committed 8448K, reserved 1048576K
}
Event: 511.485 GC heap after
{Heap after GC invocations=34 (full 0):
 garbage-first heap   total 167936K, used 57148K [0x0000000080000000, 0x0000000100000000)
  region size 1024K, 1 young (1024K), 1 survivors (1024K)
 Metaspace       used 56849K, committed 58368K, reserved 1114112K
  class space    used 7687K, committed 8448K, reserved 1048576K
}
Event: 537.644 GC heap before
{Heap before GC invocations=34 (full 0):
 garbage-first heap   total 167936K, used 80700K [0x0000000080000000, 0x0000000100000000)
  region size 1024K, 19 young (19456K), 1 survivors (1024K)
 Metaspace       used 57209K, committed 58816K, reserved 1114112K
  class space    used 7719K, committed 8512K, reserved 1048576K
}
Event: 537.716 GC heap after
{Heap after GC invocations=35 (full 0):
 garbage-first heap   total 167936K, used 65019K [0x0000000080000000, 0x0000000100000000)
  region size 1024K, 3 young (3072K), 3 survivors (3072K)
 Metaspace       used 57209K, committed 58816K, reserved 1114112K
  class space    used 7719K, committed 8512K, reserved 1048576K
}
Event: 554.741 GC heap before
{Heap before GC invocations=35 (full 0):
 garbage-first heap   total 167936K, used 84475K [0x0000000080000000, 0x0000000100000000)
  region size 1024K, 14 young (14336K), 3 survivors (3072K)
 Metaspace       used 58866K, committed 60416K, reserved 1114112K
  class space    used 7807K, committed 8576K, reserved 1048576K
}
Event: 554.859 GC heap after
{Heap after GC invocations=36 (full 0):
 garbage-first heap   total 167936K, used 72557K [0x0000000080000000, 0x0000000100000000)
  region size 1024K, 1 young (1024K), 1 survivors (1024K)
 Metaspace       used 58866K, committed 60416K, reserved 1114112K
  class space    used 7807K, committed 8576K, reserved 1048576K
}
Event: 567.779 GC heap before
{Heap before GC invocations=36 (full 0):
 garbage-first heap   total 167936K, used 85869K [0x0000000080000000, 0x0000000100000000)
  region size 1024K, 14 young (14336K), 1 survivors (1024K)
 Metaspace       used 59477K, committed 61120K, reserved 1114112K
  class space    used 7904K, committed 8704K, reserved 1048576K
}
Event: 568.055 GC heap after
{Heap after GC invocations=37 (full 0):
 garbage-first heap   total 167936K, used 72896K [0x0000000080000000, 0x0000000100000000)
  region size 1024K, 2 young (2048K), 2 survivors (2048K)
 Metaspace       used 59477K, committed 61120K, reserved 1114112K
  class space    used 7904K, committed 8704K, reserved 1048576K
}
Event: 569.249 GC heap before
{Heap before GC invocations=37 (full 0):
 garbage-first heap   total 167936K, used 87232K [0x0000000080000000, 0x0000000100000000)
  region size 1024K, 16 young (16384K), 2 survivors (2048K)
 Metaspace       used 59493K, committed 61120K, reserved 1114112K
  class space    used 7908K, committed 8704K, reserved 1048576K
}
Event: 569.271 GC heap after
{Heap after GC invocations=38 (full 0):
 garbage-first heap   total 167936K, used 72943K [0x0000000080000000, 0x0000000100000000)
  region size 1024K, 1 young (1024K), 1 survivors (1024K)
 Metaspace       used 59493K, committed 61120K, reserved 1114112K
  class space    used 7908K, committed 8704K, reserved 1048576K
}
Event: 613.957 GC heap before
{Heap before GC invocations=39 (full 0):
 garbage-first heap   total 167936K, used 89327K [0x0000000080000000, 0x0000000100000000)
  region size 1024K, 18 young (18432K), 1 survivors (1024K)
 Metaspace       used 61280K, committed 62976K, reserved 1114112K
  class space    used 8170K, committed 9024K, reserved 1048576K
}
Event: 614.058 GC heap after
{Heap after GC invocations=40 (full 0):
 garbage-first heap   total 167936K, used 73647K [0x0000000080000000, 0x0000000100000000)
  region size 1024K, 2 young (2048K), 2 survivors (2048K)
 Metaspace       used 61280K, committed 62976K, reserved 1114112K
  class space    used 8170K, committed 9024K, reserved 1048576K
}
Event: 670.013 GC heap before
{Heap before GC invocations=40 (full 0):
 garbage-first heap   total 167936K, used 101295K [0x0000000080000000, 0x0000000100000000)
  region size 1024K, 30 young (30720K), 2 survivors (2048K)
 Metaspace       used 64851K, committed 66560K, reserved 1114112K
  class space    used 8677K, committed 9536K, reserved 1048576K
}
Event: 670.465 GC heap after
{Heap after GC invocations=41 (full 0):
 garbage-first heap   total 167936K, used 74272K [0x0000000080000000, 0x0000000100000000)
  region size 1024K, 2 young (2048K), 2 survivors (2048K)
 Metaspace       used 64851K, committed 66560K, reserved 1114112K
  class space    used 8677K, committed 9536K, reserved 1048576K
}
Event: 680.284 GC heap before
{Heap before GC invocations=41 (full 0):
 garbage-first heap   total 167936K, used 80416K [0x0000000080000000, 0x0000000100000000)
  region size 1024K, 8 young (8192K), 2 survivors (2048K)
 Metaspace       used 65727K, committed 67392K, reserved 1114112K
  class space    used 8808K, committed 9664K, reserved 1048576K
}
Event: 680.381 GC heap after
{Heap after GC invocations=42 (full 0):
 garbage-first heap   total 167936K, used 74436K [0x0000000080000000, 0x0000000100000000)
  region size 1024K, 1 young (1024K), 1 survivors (1024K)
 Metaspace       used 65727K, committed 67392K, reserved 1114112K
  class space    used 8808K, committed 9664K, reserved 1048576K
}

