# JRE version: OpenJDK Runtime Environment (21.0.6) (build 21.0.6+-13368085-b895.109)
# Java VM: OpenJDK 64-Bit Server VM (21.0.6+-13368085-b895.109, mixed mode, tiered, compressed oops, compressed class ptrs, g1 gc, windows-amd64)
GC Precious Log:
 CardTable entry size: 512
 Card Set container configuration: InlinePtr #cards 5 size 8 Array Of Cards #cards 12 size 40 Howl #buckets 4 coarsen threshold 1843 Howl Bitmap #cards 512 size 80 coarsen threshold 460 Card regions per heap region 1 cards per card region 2048
 CPUs: 12 total, 12 available
 Memory: 7531M
 Large Page Support: Disabled
 NUMA Support: Disabled
 Compressed Oops: Enabled (32-bit)
 Heap Region Size: 1M
 Heap Min Capacity: 8M
 Heap Initial Capacity: 118M
 Heap Max Capacity: 2G
 Pre-touch: Disabled
 Parallel Workers: 10
 Concurrent Workers: 3
 Concurrent Refinement Workers: 10
 Periodic GC: Disabled
Heap:
 garbage-first heap   total 150528K, used 74983K [0x0000000080000000, 0x0000000100000000)
  region size 1024K, 2 young (2048K), 1 survivors (1024K)
 Metaspace       used 67556K, committed 69312K, reserved 1114112K
  class space    used 9111K, committed 9984K, reserved 1048576K
GC Heap History (20 events):
Event: 519.814 GC heap before
{Heap before GC invocations=39 (full 0):
 garbage-first heap   total 110592K, used 62986K [0x0000000080000000, 0x0000000100000000)
  region size 1024K, 8 young (8192K), 1 survivors (1024K)
 Metaspace       used 56978K, committed 58496K, reserved 1114112K
  class space    used 7706K, committed 8448K, reserved 1048576K
}
Event: 519.901 GC heap after
{Heap after GC invocations=40 (full 0):
 garbage-first heap   total 110592K, used 56570K [0x0000000080000000, 0x0000000100000000)
  region size 1024K, 1 young (1024K), 1 survivors (1024K)
 Metaspace       used 56978K, committed 58496K, reserved 1114112K
  class space    used 7706K, committed 8448K, reserved 1048576K
}
Event: 545.172 GC heap before
{Heap before GC invocations=40 (full 0):
 garbage-first heap   total 110592K, used 78074K [0x0000000080000000, 0x0000000100000000)
  region size 1024K, 10 young (10240K), 1 survivors (1024K)
 Metaspace       used 57370K, committed 58944K, reserved 1114112K
  class space    used 7763K, committed 8512K, reserved 1048576K
}
Event: 545.367 GC heap after
{Heap after GC invocations=41 (full 0):
 garbage-first heap   total 110592K, used 71482K [0x0000000080000000, 0x0000000100000000)
  region size 1024K, 2 young (2048K), 2 survivors (2048K)
 Metaspace       used 57370K, committed 58944K, reserved 1114112K
  class space    used 7763K, committed 8512K, reserved 1048576K
}
Event: 550.475 GC heap before
{Heap before GC invocations=41 (full 0):
 garbage-first heap   total 110592K, used 75578K [0x0000000080000000, 0x0000000100000000)
  region size 1024K, 8 young (8192K), 2 survivors (2048K)
 Metaspace       used 57870K, committed 59456K, reserved 1114112K
  class space    used 7799K, committed 8576K, reserved 1048576K
}
Event: 550.600 GC heap after
{Heap after GC invocations=42 (full 0):
 garbage-first heap   total 110592K, used 72470K [0x0000000080000000, 0x0000000100000000)
  region size 1024K, 1 young (1024K), 1 survivors (1024K)
 Metaspace       used 57870K, committed 59456K, reserved 1114112K
  class space    used 7799K, committed 8576K, reserved 1048576K
}
Event: 562.772 GC heap before
{Heap before GC invocations=43 (full 0):
 garbage-first heap   total 124928K, used 87830K [0x0000000080000000, 0x0000000100000000)
  region size 1024K, 14 young (14336K), 1 survivors (1024K)
 Metaspace       used 59420K, committed 61056K, reserved 1114112K
  class space    used 7921K, committed 8704K, reserved 1048576K
}
Event: 563.092 GC heap after
{Heap after GC invocations=44 (full 0):
 garbage-first heap   total 150528K, used 72301K [0x0000000080000000, 0x0000000100000000)
  region size 1024K, 1 young (1024K), 1 survivors (1024K)
 Metaspace       used 59420K, committed 61056K, reserved 1114112K
  class space    used 7921K, committed 8704K, reserved 1048576K
}
Event: 563.620 GC heap before
{Heap before GC invocations=44 (full 0):
 garbage-first heap   total 150528K, used 80493K [0x0000000080000000, 0x0000000100000000)
  region size 1024K, 9 young (9216K), 1 survivors (1024K)
 Metaspace       used 59420K, committed 61056K, reserved 1114112K
  class space    used 7921K, committed 8704K, reserved 1048576K
}
Event: 563.897 GC heap after
{Heap after GC invocations=45 (full 0):
 garbage-first heap   total 150528K, used 72190K [0x0000000080000000, 0x0000000100000000)
  region size 1024K, 1 young (1024K), 1 survivors (1024K)
 Metaspace       used 59420K, committed 61056K, reserved 1114112K
  class space    used 7921K, committed 8704K, reserved 1048576K
}
Event: 659.460 GC heap before
{Heap before GC invocations=45 (full 0):
 garbage-first heap   total 150528K, used 120318K [0x0000000080000000, 0x0000000100000000)
  region size 1024K, 49 young (50176K), 1 survivors (1024K)
 Metaspace       used 64152K, committed 65792K, reserved 1114112K
  class space    used 8573K, committed 9344K, reserved 1048576K
}
Event: 660.621 GC heap after
{Heap after GC invocations=46 (full 0):
 garbage-first heap   total 150528K, used 73480K [0x0000000080000000, 0x0000000100000000)
  region size 1024K, 3 young (3072K), 3 survivors (3072K)
 Metaspace       used 64152K, committed 65792K, reserved 1114112K
  class space    used 8573K, committed 9344K, reserved 1048576K
}
Event: 671.635 GC heap before
{Heap before GC invocations=47 (full 0):
 garbage-first heap   total 150528K, used 77576K [0x0000000080000000, 0x0000000100000000)
  region size 1024K, 7 young (7168K), 3 survivors (3072K)
 Metaspace       used 64494K, committed 66176K, reserved 1114112K
  class space    used 8643K, committed 9472K, reserved 1048576K
}
Event: 671.726 GC heap after
{Heap after GC invocations=48 (full 0):
 garbage-first heap   total 150528K, used 73788K [0x0000000080000000, 0x0000000100000000)
  region size 1024K, 1 young (1024K), 1 survivors (1024K)
 Metaspace       used 64494K, committed 66176K, reserved 1114112K
  class space    used 8643K, committed 9472K, reserved 1048576K
}
Event: 685.444 GC heap before
{Heap before GC invocations=48 (full 0):
 garbage-first heap   total 150528K, used 79932K [0x0000000080000000, 0x0000000100000000)
  region size 1024K, 7 young (7168K), 1 survivors (1024K)
 Metaspace       used 65175K, committed 66816K, reserved 1114112K
  class space    used 8763K, committed 9536K, reserved 1048576K
}
Event: 685.737 GC heap after
{Heap after GC invocations=49 (full 0):
 garbage-first heap   total 150528K, used 73927K [0x0000000080000000, 0x0000000100000000)
  region size 1024K, 1 young (1024K), 1 survivors (1024K)
 Metaspace       used 65175K, committed 66816K, reserved 1114112K
  class space    used 8763K, committed 9536K, reserved 1048576K
}
Event: 713.420 GC heap before
{Heap before GC invocations=49 (full 0):
 garbage-first heap   total 150528K, used 87239K [0x0000000080000000, 0x0000000100000000)
  region size 1024K, 14 young (14336K), 1 survivors (1024K)
 Metaspace       used 67016K, committed 68736K, reserved 1114112K
  class space    used 9013K, committed 9856K, reserved 1048576K
}
Event: 714.258 GC heap after
{Heap after GC invocations=50 (full 0):
 garbage-first heap   total 150528K, used 75527K [0x0000000080000000, 0x0000000100000000)
  region size 1024K, 2 young (2048K), 2 survivors (2048K)
 Metaspace       used 67016K, committed 68736K, reserved 1114112K
  class space    used 9013K, committed 9856K, reserved 1048576K
}
Event: 724.941 GC heap before
{Heap before GC invocations=51 (full 0):
 garbage-first heap   total 150528K, used 80647K [0x0000000080000000, 0x0000000100000000)
  region size 1024K, 7 young (7168K), 2 survivors (2048K)
 Metaspace       used 67532K, committed 69312K, reserved 1114112K
  class space    used 9109K, committed 9984K, reserved 1048576K
}
Event: 724.984 GC heap after
{Heap after GC invocations=52 (full 0):
 garbage-first heap   total 150528K, used 74983K [0x0000000080000000, 0x0000000100000000)
  region size 1024K, 1 young (1024K), 1 survivors (1024K)
 Metaspace       used 67532K, committed 69312K, reserved 1114112K
  class space    used 9109K, committed 9984K, reserved 1048576K
}

