# JRE version: OpenJDK Runtime Environment (21.0.6) (build 21.0.6+-13368085-b895.109)
# Java VM: OpenJDK 64-Bit Server VM (21.0.6+-13368085-b895.109, mixed mode, tiered, compressed oops, compressed class ptrs, g1 gc, windows-amd64)
GC Precious Log:
 CardTable entry size: 512
 Card Set container configuration: InlinePtr #cards 5 size 8 Array Of Cards #cards 12 size 40 Howl #buckets 4 coarsen threshold 1843 Howl Bitmap #cards 512 size 80 coarsen threshold 460 Card regions per heap region 1 cards per card region 2048
 CPUs: 12 total, 12 available
 Memory: 7531M
 Large Page Support: Disabled
 NUMA Support: Disabled
 Compressed Oops: Enabled (32-bit)
 Heap Region Size: 1M
 Heap Min Capacity: 8M
 Heap Initial Capacity: 118M
 Heap Max Capacity: 2G
 Pre-touch: Disabled
 Parallel Workers: 10
 Concurrent Workers: 3
 Concurrent Refinement Workers: 10
 Periodic GC: Disabled
Heap:
 garbage-first heap   total 180224K, used 73180K [0x0000000080000000, 0x0000000100000000)
  region size 1024K, 1 young (1024K), 1 survivors (1024K)
 Metaspace       used 59563K, committed 61120K, reserved 1114112K
  class space    used 7916K, committed 8704K, reserved 1048576K
GC Heap History (20 events):
Event: 261.270 GC heap after
{Heap after GC invocations=20 (full 0):
 garbage-first heap   total 180224K, used 49465K [0x0000000080000000, 0x0000000100000000)
  region size 1024K, 1 young (1024K), 1 survivors (1024K)
 Metaspace       used 49599K, committed 50944K, reserved 1114112K
  class space    used 6685K, committed 7360K, reserved 1048576K
}
Event: 291.593 GC heap before
{Heap before GC invocations=20 (full 0):
 garbage-first heap   total 180224K, used 75065K [0x0000000080000000, 0x0000000100000000)
  region size 1024K, 22 young (22528K), 1 survivors (1024K)
 Metaspace       used 51825K, committed 53184K, reserved 1114112K
  class space    used 6870K, committed 7552K, reserved 1048576K
}
Event: 291.996 GC heap after
{Heap after GC invocations=21 (full 0):
 garbage-first heap   total 180224K, used 51690K [0x0000000080000000, 0x0000000100000000)
  region size 1024K, 3 young (3072K), 3 survivors (3072K)
 Metaspace       used 51825K, committed 53184K, reserved 1114112K
  class space    used 6870K, committed 7552K, reserved 1048576K
}
Event: 301.411 GC heap before
{Heap before GC invocations=21 (full 0):
 garbage-first heap   total 180224K, used 56810K [0x0000000080000000, 0x0000000100000000)
  region size 1024K, 8 young (8192K), 3 survivors (3072K)
 Metaspace       used 52339K, committed 53760K, reserved 1114112K
  class space    used 6961K, committed 7680K, reserved 1048576K
}
Event: 301.884 GC heap after
{Heap after GC invocations=22 (full 0):
 garbage-first heap   total 180224K, used 52208K [0x0000000080000000, 0x0000000100000000)
  region size 1024K, 1 young (1024K), 1 survivors (1024K)
 Metaspace       used 52339K, committed 53760K, reserved 1114112K
  class space    used 6961K, committed 7680K, reserved 1048576K
}
Event: 312.998 GC heap before
{Heap before GC invocations=22 (full 0):
 garbage-first heap   total 180224K, used 60400K [0x0000000080000000, 0x0000000100000000)
  region size 1024K, 9 young (9216K), 1 survivors (1024K)
 Metaspace       used 53461K, committed 54912K, reserved 1114112K
  class space    used 7148K, committed 7872K, reserved 1048576K
}
Event: 313.023 GC heap after
{Heap after GC invocations=23 (full 0):
 garbage-first heap   total 180224K, used 52307K [0x0000000080000000, 0x0000000100000000)
  region size 1024K, 1 young (1024K), 1 survivors (1024K)
 Metaspace       used 53461K, committed 54912K, reserved 1114112K
  class space    used 7148K, committed 7872K, reserved 1048576K
}
Event: 323.580 GC heap before
{Heap before GC invocations=23 (full 0):
 garbage-first heap   total 180224K, used 63571K [0x0000000080000000, 0x0000000100000000)
  region size 1024K, 13 young (13312K), 1 survivors (1024K)
 Metaspace       used 54825K, committed 56320K, reserved 1114112K
  class space    used 7374K, committed 8128K, reserved 1048576K
}
Event: 324.089 GC heap after
{Heap after GC invocations=24 (full 0):
 garbage-first heap   total 180224K, used 53047K [0x0000000080000000, 0x0000000100000000)
  region size 1024K, 2 young (2048K), 2 survivors (2048K)
 Metaspace       used 54825K, committed 56320K, reserved 1114112K
  class space    used 7374K, committed 8128K, reserved 1048576K
}
Event: 338.040 GC heap before
{Heap before GC invocations=24 (full 0):
 garbage-first heap   total 180224K, used 65335K [0x0000000080000000, 0x0000000100000000)
  region size 1024K, 14 young (14336K), 2 survivors (2048K)
 Metaspace       used 56243K, committed 57728K, reserved 1114112K
  class space    used 7614K, committed 8320K, reserved 1048576K
}
Event: 338.075 GC heap after
{Heap after GC invocations=25 (full 0):
 garbage-first heap   total 180224K, used 53578K [0x0000000080000000, 0x0000000100000000)
  region size 1024K, 2 young (2048K), 2 survivors (2048K)
 Metaspace       used 56243K, committed 57728K, reserved 1114112K
  class space    used 7614K, committed 8320K, reserved 1048576K
}
Event: 392.184 GC heap before
{Heap before GC invocations=25 (full 0):
 garbage-first heap   total 180224K, used 79178K [0x0000000080000000, 0x0000000100000000)
  region size 1024K, 26 young (26624K), 2 survivors (2048K)
 Metaspace       used 57037K, committed 58560K, reserved 1114112K
  class space    used 7701K, committed 8448K, reserved 1048576K
}
Event: 392.520 GC heap after
{Heap after GC invocations=26 (full 0):
 garbage-first heap   total 180224K, used 57357K [0x0000000080000000, 0x0000000100000000)
  region size 1024K, 4 young (4096K), 4 survivors (4096K)
 Metaspace       used 57037K, committed 58560K, reserved 1114112K
  class space    used 7701K, committed 8448K, reserved 1048576K
}
Event: 409.720 GC heap before
{Heap before GC invocations=26 (full 0):
 garbage-first heap   total 180224K, used 61453K [0x0000000080000000, 0x0000000100000000)
  region size 1024K, 8 young (8192K), 4 survivors (4096K)
 Metaspace       used 57088K, committed 58624K, reserved 1114112K
  class space    used 7701K, committed 8448K, reserved 1048576K
}
Event: 409.896 GC heap after
{Heap after GC invocations=27 (full 0):
 garbage-first heap   total 180224K, used 57441K [0x0000000080000000, 0x0000000100000000)
  region size 1024K, 1 young (1024K), 1 survivors (1024K)
 Metaspace       used 57088K, committed 58624K, reserved 1114112K
  class space    used 7701K, committed 8448K, reserved 1048576K
}
Event: 520.089 GC heap before
{Heap before GC invocations=27 (full 0):
 garbage-first heap   total 180224K, used 106593K [0x0000000080000000, 0x0000000100000000)
  region size 1024K, 35 young (35840K), 1 survivors (1024K)
 Metaspace       used 59557K, committed 61120K, reserved 1114112K
  class space    used 7915K, committed 8704K, reserved 1048576K
}
Event: 521.506 GC heap after
{Heap after GC invocations=28 (full 0):
 garbage-first heap   total 180224K, used 72959K [0x0000000080000000, 0x0000000100000000)
  region size 1024K, 3 young (3072K), 3 survivors (3072K)
 Metaspace       used 59557K, committed 61120K, reserved 1114112K
  class space    used 7915K, committed 8704K, reserved 1048576K
}
Event: 522.697 GC heap before
{Heap before GC invocations=28 (full 0):
 garbage-first heap   total 180224K, used 78079K [0x0000000080000000, 0x0000000100000000)
  region size 1024K, 8 young (8192K), 3 survivors (3072K)
 Metaspace       used 59557K, committed 61120K, reserved 1114112K
  class space    used 7915K, committed 8704K, reserved 1048576K
}
Event: 522.864 GC heap after
{Heap after GC invocations=29 (full 0):
 garbage-first heap   total 180224K, used 73248K [0x0000000080000000, 0x0000000100000000)
  region size 1024K, 1 young (1024K), 1 survivors (1024K)
 Metaspace       used 59557K, committed 61120K, reserved 1114112K
  class space    used 7915K, committed 8704K, reserved 1048576K
}
Event: 524.525 GC heap before
{Heap before GC invocations=29 (full 0):
 garbage-first heap   total 180224K, used 80416K [0x0000000080000000, 0x0000000100000000)
  region size 1024K, 8 young (8192K), 1 survivors (1024K)
 Metaspace       used 59563K, committed 61120K, reserved 1114112K
  class space    used 7916K, committed 8704K, reserved 1048576K
}

